<?xml version="1.0" encoding="UTF-8"?>
<!-- Generated by org.testng.reporters.JUnitReportReporter -->
<testsuite hostname="MBP.local" name="com.hedleyproctor.ManyToManyTest" tests="2" failures="0" timestamp="17 Jul 2017 19:52:44 GMT" time="0.230" errors="0">
  <testcase name="emfOnetoMany" time="0.001" classname="com.hedleyproctor.ManyToManyTest"/>
  <testcase name="oneToMany" time="0.229" classname="com.hedleyproctor.ManyToManyTest"/>
</testsuite>
